d:\我的世界\c语言\.vscode\通讯录（advanced\通讯录（advanced\debug\vc142.pdb
d:\我的世界\c语言\.vscode\通讯录（advanced\通讯录（advanced\debug\vc142.idb
d:\我的世界\c语言\.vscode\通讯录（advanced\通讯录（advanced\debug\operate.nativecodeanalysis.sarif
d:\我的世界\c语言\.vscode\通讯录（advanced\通讯录（advanced\debug\operate.nativecodeanalysis.xml
d:\我的世界\c语言\.vscode\通讯录（advanced\通讯录（advanced\debug\main.nativecodeanalysis.sarif
d:\我的世界\c语言\.vscode\通讯录（advanced\通讯录（advanced\debug\main.nativecodeanalysis.xml
d:\我的世界\c语言\.vscode\通讯录（advanced\通讯录（advanced\debug\contact_book.nativecodeanalysis.sarif
d:\我的世界\c语言\.vscode\通讯录（advanced\通讯录（advanced\debug\contact_book.nativecodeanalysis.xml
d:\我的世界\c语言\.vscode\通讯录（advanced\通讯录（advanced\debug\contact_book.obj
d:\我的世界\c语言\.vscode\通讯录（advanced\通讯录（advanced\debug\main.obj
d:\我的世界\c语言\.vscode\通讯录（advanced\通讯录（advanced\debug\operate.obj
d:\我的世界\c语言\.vscode\通讯录（advanced\debug\通讯录（advanced.pdb
d:\我的世界\c语言\.vscode\通讯录（advanced\通讯录（advanced\debug\通讯录（advanced.tlog\cl.command.1.tlog
d:\我的世界\c语言\.vscode\通讯录（advanced\通讯录（advanced\debug\通讯录（advanced.tlog\cl.read.1.tlog
d:\我的世界\c语言\.vscode\通讯录（advanced\通讯录（advanced\debug\通讯录（advanced.tlog\cl.write.1.tlog
d:\我的世界\c语言\.vscode\通讯录（advanced\通讯录（advanced\debug\通讯录（advanced.tlog\link-cvtres.read.1.tlog
d:\我的世界\c语言\.vscode\通讯录（advanced\通讯录（advanced\debug\通讯录（advanced.tlog\link-cvtres.write.1.tlog
d:\我的世界\c语言\.vscode\通讯录（advanced\通讯录（advanced\debug\通讯录（advanced.tlog\link-rc.read.1.tlog
d:\我的世界\c语言\.vscode\通讯录（advanced\通讯录（advanced\debug\通讯录（advanced.tlog\link-rc.write.1.tlog
d:\我的世界\c语言\.vscode\通讯录（advanced\通讯录（advanced\debug\通讯录（advanced.tlog\link.command.1.tlog
d:\我的世界\c语言\.vscode\通讯录（advanced\通讯录（advanced\debug\通讯录（advanced.tlog\link.read.1.tlog
d:\我的世界\c语言\.vscode\通讯录（advanced\通讯录（advanced\debug\通讯录（advanced.tlog\link.write.1.tlog
