d:\我的世界\c语言\.vscode\计算模板（前缀表达式）\计算模板（前缀表达式）\debug\vc142.pdb
d:\我的世界\c语言\.vscode\计算模板（前缀表达式）\计算模板（前缀表达式）\debug\vc142.idb
d:\我的世界\c语言\.vscode\计算模板（前缀表达式）\计算模板（前缀表达式）\debug\源.obj
d:\我的世界\c语言\.vscode\计算模板（前缀表达式）\计算模板（前缀表达式）\debug\compute.obj
d:\我的世界\c语言\.vscode\计算模板（前缀表达式）\计算模板（前缀表达式）\debug\compare.obj
d:\我的世界\c语言\.vscode\计算模板（前缀表达式）\debug\计算模板（前缀表达式）.exe
d:\我的世界\c语言\.vscode\计算模板（前缀表达式）\计算模板（前缀表达式）\debug\计算模板（前缀表达式）.ilk
d:\我的世界\c语言\.vscode\计算模板（前缀表达式）\debug\计算模板（前缀表达式）.pdb
d:\我的世界\c语言\.vscode\计算模板（前缀表达式）\计算模板（前缀表达式）\debug\compute.obj.enc
d:\我的世界\c语言\.vscode\计算模板（前缀表达式）\计算模板（前缀表达式）\debug\源.obj.enc
d:\我的世界\c语言\.vscode\计算模板（前缀表达式）\计算模板（前缀表达式）\debug\compare.nativecodeanalysis.xml
d:\我的世界\c语言\.vscode\计算模板（前缀表达式）\计算模板（前缀表达式）\debug\compute.nativecodeanalysis.xml
d:\我的世界\c语言\.vscode\计算模板（前缀表达式）\计算模板（前缀表达式）\debug\vc.nativecodeanalysis.all.xml
d:\我的世界\c语言\.vscode\计算模板（前缀表达式）\计算模板（前缀表达式）\debug\源.nativecodeanalysis.xml
d:\我的世界\c语言\.vscode\计算模板（前缀表达式）\计算模板（前缀表达式）\debug\计算模板（前缀表达式）.tlog\cl.command.1.tlog
d:\我的世界\c语言\.vscode\计算模板（前缀表达式）\计算模板（前缀表达式）\debug\计算模板（前缀表达式）.tlog\cl.read.1.tlog
d:\我的世界\c语言\.vscode\计算模板（前缀表达式）\计算模板（前缀表达式）\debug\计算模板（前缀表达式）.tlog\cl.write.1.tlog
d:\我的世界\c语言\.vscode\计算模板（前缀表达式）\计算模板（前缀表达式）\debug\计算模板（前缀表达式）.tlog\link.command.1.tlog
d:\我的世界\c语言\.vscode\计算模板（前缀表达式）\计算模板（前缀表达式）\debug\计算模板（前缀表达式）.tlog\link.read.1.tlog
d:\我的世界\c语言\.vscode\计算模板（前缀表达式）\计算模板（前缀表达式）\debug\计算模板（前缀表达式）.tlog\link.write.1.tlog
